<?xml version="1.0" encoding="UTF-8"?>
<!-- Generated by org.testng.reporters.JUnitReportReporter -->
<testsuite skipped="0" hostname="vmt10319" name="com.valuemomentum.training.testautomation.utils.DataUtility" tests="1" failures="0" timestamp="2021-03-19T11:50:28 IST" time="0.419" errors="0">
  <testcase name="readData" time="0.419" classname="com.valuemomentum.training.testautomation.utils.DataUtility"/>
  <system-out/>
</testsuite> <!-- com.valuemomentum.training.testautomation.utils.DataUtility -->
