<?xml version="1.0" encoding="UTF-8"?>
<!-- Generated by org.testng.reporters.JUnitReportReporter -->
<testsuite skipped="0" hostname="vmt10319" name="com.valuemomentum.training.testautomation.tests.Kotak" tests="1" failures="0" timestamp="2021-03-22T19:47:54 IST" time="6.433" errors="0">
  <testcase name="loginfile" time="6.433" classname="com.valuemomentum.training.testautomation.tests.Kotak"/>
  <system-out/>
</testsuite> <!-- com.valuemomentum.training.testautomation.tests.Kotak -->
