<?xml version="1.0" encoding="UTF-8"?>
<!-- Generated by org.testng.reporters.JUnitReportReporter -->
<testsuite skipped="0" hostname="vmt10319" name="com.valuemomentum.training.testautomation.tests.SampleTest4" tests="1" failures="0" timestamp="2021-03-19T16:28:55 IST" time="23.799" errors="0">
  <testcase name="MedplustTest" time="23.799" classname="com.valuemomentum.training.testautomation.tests.SampleTest4"/>
  <system-out/>
</testsuite> <!-- com.valuemomentum.training.testautomation.tests.SampleTest4 -->
