<?xml version="1.0" encoding="UTF-8"?>
<!-- Generated by org.testng.reporters.JUnitReportReporter -->
<testsuite skipped="0" hostname="vmt10319" name="com.valuemomentum.training.testautomation.tests.SmokeTest2" tests="1" failures="0" timestamp="2021-03-23T16:17:44 IST" time="18.806" errors="0">
  <testcase name="Assessment2" time="18.806" classname="com.valuemomentum.training.testautomation.tests.SmokeTest2"/>
  <system-out/>
</testsuite> <!-- com.valuemomentum.training.testautomation.tests.SmokeTest2 -->
